<?xml version="1.0" encoding="UTF-8"?>
<!-- Generated by org.testng.reporters.JUnitReportReporter -->
<testsuite skipped="0" hostname="DESKTOP-RNTJV4M" name="TesTCases.OnlineShop" tests="1" failures="0" timestamp="2020-02-11T13:24:21 EET" time="16.424" errors="1">
  <testcase name="SetBrowser" time="16.424" classname="TesTCases.OnlineShop">
    <error type="org.openqa.selenium.SessionNotCreatedException" message="session not created
from chrome not reachable
  (Session info: chrome=80.0.3987.87)
Build info: version: &#039;3.12.0&#039;, revision: &#039;7c6e0b3&#039;, time: &#039;2018-05-08T14:04:26.12Z&#039;
System info: host: &#039;DESKTOP-RNTJV4M&#039;, ip: &#039;9.172.46.168&#039;, os.name: &#039;Windows 10&#039;, os.arch: &#039;amd64&#039;, os.version: &#039;10.0&#039;, java.version: &#039;1.8.0_241&#039;
Driver info: driver.version: ChromeDriver
remote stacktrace: Backtrace:
	Ordinal0 [0x01040AE3+1706723]
	Ordinal0 [0x00FA68C1+1075393]
	Ordinal0 [0x00F1DE52+515666]
	Ordinal0 [0x00F17C88+490632]
	Ordinal0 [0x00F1837B+492411]
	Ordinal0 [0x00F192D5+496341]
	Ordinal0 [0x00F14EE5+478949]
	Ordinal0 [0x00F1EC80+519296]
	Ordinal0 [0x00ECCA67+182887]
	Ordinal0 [0x00ECBDDD+179677]
	Ordinal0 [0x00EC9D4B+171339]
	Ordinal0 [0x00EB1D4A+73034]
	Ordinal0 [0x00EB2DC0+77248]
	Ordinal0 [0x00EB2D59+77145]
	Ordinal0 [0x00FBBB37+1162039]
	GetHandleVerifier [0x010DA7C6+508998]
	GetHandleVerifier [0x010DA504+508292]
	GetHandleVerifier [0x010EF617+594583]
	GetHandleVerifier [0x010DB036+511158]
	Ordinal0 [0x00FB3FFC+1130492]
	Ordinal0 [0x00FBD49B+1168539]
	Ordinal0 [0x00FBD603+1168899]
	Ordinal0 [0x00FD5B05+1268485]
	BaseThreadInitThunk [0x75376359+25]
	RtlGetAppContainerNamedObjectPath [0x770F7B74+228]
	RtlGetAppContainerNamedObjectPath [0x770F7B44+180]
">
      <![CDATA[org.openqa.selenium.SessionNotCreatedException: session not created
from chrome not reachable
  (Session info: chrome=80.0.3987.87)
Build info: version: '3.12.0', revision: '7c6e0b3', time: '2018-05-08T14:04:26.12Z'
System info: host: 'DESKTOP-RNTJV4M', ip: '9.172.46.168', os.name: 'Windows 10', os.arch: 'amd64', os.version: '10.0', java.version: '1.8.0_241'
Driver info: driver.version: ChromeDriver
remote stacktrace: Backtrace:
Ordinal0 [0x01040AE3+1706723]
Ordinal0 [0x00FA68C1+1075393]
Ordinal0 [0x00F1DE52+515666]
Ordinal0 [0x00F17C88+490632]
Ordinal0 [0x00F1837B+492411]
Ordinal0 [0x00F192D5+496341]
Ordinal0 [0x00F14EE5+478949]
Ordinal0 [0x00F1EC80+519296]
Ordinal0 [0x00ECCA67+182887]
Ordinal0 [0x00ECBDDD+179677]
Ordinal0 [0x00EC9D4B+171339]
Ordinal0 [0x00EB1D4A+73034]
Ordinal0 [0x00EB2DC0+77248]
Ordinal0 [0x00EB2D59+77145]
Ordinal0 [0x00FBBB37+1162039]
GetHandleVerifier [0x010DA7C6+508998]
GetHandleVerifier [0x010DA504+508292]
GetHandleVerifier [0x010EF617+594583]
GetHandleVerifier [0x010DB036+511158]
Ordinal0 [0x00FB3FFC+1130492]
Ordinal0 [0x00FBD49B+1168539]
Ordinal0 [0x00FBD603+1168899]
Ordinal0 [0x00FD5B05+1268485]
BaseThreadInitThunk [0x75376359+25]
RtlGetAppContainerNamedObjectPath [0x770F7B74+228]
RtlGetAppContainerNamedObjectPath [0x770F7B44+180]

at sun.reflect.NativeConstructorAccessorImpl.newInstance0(Native Method)
at sun.reflect.NativeConstructorAccessorImpl.newInstance(Unknown Source)
at sun.reflect.DelegatingConstructorAccessorImpl.newInstance(Unknown Source)
at java.lang.reflect.Constructor.newInstance(Unknown Source)
at org.openqa.selenium.remote.W3CHandshakeResponse.lambda$new$0(W3CHandshakeResponse.java:57)
at org.openqa.selenium.remote.W3CHandshakeResponse.lambda$getResponseFunction$2(W3CHandshakeResponse.java:104)
at org.openqa.selenium.remote.ProtocolHandshake.lambda$createSession$0(ProtocolHandshake.java:123)
at java.util.stream.ReferencePipeline$3$1.accept(Unknown Source)
at java.util.Spliterators$ArraySpliterator.tryAdvance(Unknown Source)
at java.util.stream.ReferencePipeline.forEachWithCancel(Unknown Source)
at java.util.stream.AbstractPipeline.copyIntoWithCancel(Unknown Source)
at java.util.stream.AbstractPipeline.copyInto(Unknown Source)
at java.util.stream.AbstractPipeline.wrapAndCopyInto(Unknown Source)
at java.util.stream.FindOps$FindOp.evaluateSequential(Unknown Source)
at java.util.stream.AbstractPipeline.evaluate(Unknown Source)
at java.util.stream.ReferencePipeline.findFirst(Unknown Source)
at org.openqa.selenium.remote.ProtocolHandshake.createSession(ProtocolHandshake.java:126)
at org.openqa.selenium.remote.ProtocolHandshake.createSession(ProtocolHandshake.java:73)
at org.openqa.selenium.remote.HttpCommandExecutor.execute(HttpCommandExecutor.java:136)
at org.openqa.selenium.remote.service.DriverCommandExecutor.execute(DriverCommandExecutor.java:83)
at org.openqa.selenium.remote.RemoteWebDriver.execute(RemoteWebDriver.java:543)
at org.openqa.selenium.remote.RemoteWebDriver.startSession(RemoteWebDriver.java:207)
at org.openqa.selenium.remote.RemoteWebDriver.<init>(RemoteWebDriver.java:130)
at org.openqa.selenium.chrome.ChromeDriver.<init>(ChromeDriver.java:181)
at org.openqa.selenium.chrome.ChromeDriver.<init>(ChromeDriver.java:168)
at org.openqa.selenium.chrome.ChromeDriver.<init>(ChromeDriver.java:123)
at TesTCases.OnlineShop.SetBrowser(OnlineShop.java:29)
at sun.reflect.NativeMethodAccessorImpl.invoke0(Native Method)
at sun.reflect.NativeMethodAccessorImpl.invoke(Unknown Source)
at sun.reflect.DelegatingMethodAccessorImpl.invoke(Unknown Source)
at java.lang.reflect.Method.invoke(Unknown Source)
at org.testng.internal.MethodInvocationHelper.invokeMethod(MethodInvocationHelper.java:133)
at org.testng.internal.MethodInvocationHelper.invokeMethodConsideringTimeout(MethodInvocationHelper.java:62)
at org.testng.internal.ConfigInvoker.invokeConfigurationMethod(ConfigInvoker.java:340)
at org.testng.internal.ConfigInvoker.invokeConfigurations(ConfigInvoker.java:294)
at org.testng.TestRunner.invokeTestConfigurations(TestRunner.java:623)
at org.testng.TestRunner.beforeRun(TestRunner.java:613)
at org.testng.TestRunner.run(TestRunner.java:584)
at org.testng.SuiteRunner.runTest(SuiteRunner.java:402)
at org.testng.SuiteRunner.runSequentially(SuiteRunner.java:396)
at org.testng.SuiteRunner.privateRun(SuiteRunner.java:355)
at org.testng.SuiteRunner.run(SuiteRunner.java:304)
at org.testng.SuiteRunnerWorker.runSuite(SuiteRunnerWorker.java:53)
at org.testng.SuiteRunnerWorker.run(SuiteRunnerWorker.java:96)
at org.testng.TestNG.runSuitesSequentially(TestNG.java:1180)
at org.testng.TestNG.runSuitesLocally(TestNG.java:1102)
at org.testng.TestNG.runSuites(TestNG.java:1032)
at org.testng.TestNG.run(TestNG.java:1000)
at org.testng.remote.AbstractRemoteTestNG.run(AbstractRemoteTestNG.java:115)
at org.testng.remote.RemoteTestNG.initAndRun(RemoteTestNG.java:251)
at org.testng.remote.RemoteTestNG.main(RemoteTestNG.java:77)
]]>
    </error>
  </testcase> <!-- SetBrowser -->
</testsuite> <!-- TesTCases.OnlineShop -->
